[LOG] System::create                           : Header version = 1.10.01. Current version = 1.10.01.
[LOG] Manager::init                            : maxchannels = 256 studioflags = 00000006 flags 00000000 extradriverdata 0000000000000000.
[LOG] SystemI::init                            : FMOD Studio Version: 00011001 (91339)
[LOG] SystemI::init                            : maxchannels = 256, flags = 00020000, extradriverdata = 0000000000000000
[LOG] SystemI::setOutputInternal               : Setting output to type 0
[LOG] SystemI::setOutputInternal               : Setting output to type 8
[LOG] SystemI::setOutputInternal               : Setting output to type 8
[LOG] OutputWASAPI::init                       : Mix Format (WAVEFORMATEX): wFormatTag=0xFFFE, nChannels=2, nSamplesPerSec=48000, nAvgBytesPerSec=384000, nBlockAlign=8, wBitsPerSample=32, cbSize=22.
[LOG] OutputWASAPI::init                       : Mix Format (WAVEFORMATEXTENSIBLE): wValidBitsPerSample=32, dwChannelMask=0x00000003, SubFormat=00000003-0000-0010-8000-00AA00389B71.
[LOG] OutputWASAPI::init                       : Output buffer size: 4096 samples, latency: 0.00ms, period: 10.00ms, DSP buffer: 1024 * 4
[LOG] SystemI::init                            : Create master channel group and master sound group.
[LOG] SystemI::init                            : Set up emulated output.  256 channels
[LOG] SystemI::init                            : create the channel pool
[LOG] SystemI::init                            : create the stream thread
[LOG] Thread::initThread                       : Init FMOD stream thread. Priority: 2, Stack Size: 65536, Semaphore: No, Sleep Time: 10, Looping: Yes.
[LOG] Thread::initThread                       : Init FMOD mixer thread. Priority: 3, Stack Size: 49152, Semaphore: No, Sleep Time: 0, Looping: Yes.
[LOG] AsyncManager::init                       : manager 000000002F284208 isAsync 0 updatePeriod 0.02
[LOG] AsyncManager::init                       : done
[LOG] PlaybackSystem::init                     : 
[LOG] Thread::initThread                       : Init FMOD Studio sample load thread. Priority: 0, Stack Size: 65536, Semaphore: No, Sleep Time: 1, Looping: No.
[LOG] PlaybackSystem::init                     : done
[LOG] Thread::initThread                       : Init FMOD Studio bank load thread. Priority: 0, Stack Size: 65536, Semaphore: No, Sleep Time: 1, Looping: No.
[LOG] Manager::init                            : done.
[LOG] Manager::readBank                        : fileversion = 99, compatVersion = 99 (oldest = 44, newest = 99)
[LOG] SystemI::createSoundInternal             : filename =  : mode 02000202
[LOG] SystemI::createSoundInternal             : exinfo->cbsize             = 232
[LOG] SystemI::createSoundInternal             : exinfo->length             = 2743584
[LOG] SystemI::createSoundInternal             : exinfo->fileoffset         = 21920
[LOG] SystemI::createSoundInternal             : exinfo->numsubsounds       = 1
[LOG] SystemI::createSoundInternal             : exinfo->inclusionlist      = 000000003593F5FC
[LOG] SystemI::createSoundInternal             : exinfo->inclusionlistnum   = 1
[LOG] SystemI::createSoundInternal             : exinfo->suggestedsoundtype = 5
[LOG] SystemI::createSoundInternal             : exinfo->useropen           = 00007FFE2DB557A0
[LOG] SystemI::createSoundInternal             : exinfo->userclose          = 00007FFE2DB55770
[LOG] SystemI::createSoundInternal             : exinfo->userread           = 00007FFE2DB55870
[LOG] SystemI::createSoundInternal             : exinfo->userseek           = 00007FFE2DB55920
[LOG] SystemI::createSoundInternal             : exinfo->fileuserdata       = 000000002F31B728
[LOG] SystemI::createSoundInternal             : exinfo->initialseekpostype = 1
[LOG] SystemI::DSPCodecPoolRegister            : register codec pool for pool type 5
[LOG] SystemI::createSoundInternal             : Format has 1 subsounds.
[LOG] SystemI::createSoundInternal             : Create as FMOD_CREATESAMPLE
[LOG] SystemI::createSoundInternal             : Multi-sample sound (1 subsounds), create a sample container.
[LOG] SystemI::createSoundInternal             : creating subsound 0/1
[LOG] SystemI::createSample                    : mode 02000202 length 47701 samples, lengthbytes 8544
[LOG] SystemI::createSample                    : channels = 1
[LOG] SystemI::createSample                    : output = 000000002EEFB1E8
[LOG] OutputSoftware::createSample             : lengthpcm 47701, lengthbytes 8544, channels 1, format 2, freq 48000, mode 0200020a
[LOG] SystemI::createSoundInternal             : No name found in file, use filename.
[LOG] SystemI::createSoundInternal             : done.  OpenState now = FMOD_OPENSTATE_READY.

[LOG] SystemI::createSoundInternal             : filename =  : mode 02000202
[LOG] SystemI::createSoundInternal             : exinfo->cbsize             = 232
[LOG] SystemI::createSoundInternal             : exinfo->length             = 2743584
[LOG] SystemI::createSoundInternal             : exinfo->fileoffset         = 21920
[LOG] SystemI::createSoundInternal             : exinfo->numsubsounds       = 1
[LOG] SystemI::createSoundInternal             : exinfo->inclusionlist      = 000000003593F5FC
[LOG] SystemI::createSoundInternal             : exinfo->inclusionlistnum   = 1
[LOG] SystemI::createSoundInternal             : exinfo->suggestedsoundtype = 5
[LOG] SystemI::createSoundInternal             : exinfo->useropen           = 00007FFE2DB557A0
[LOG] SystemI::createSoundInternal             : exinfo->userclose          = 00007FFE2DB55770
[LOG] SystemI::createSoundInternal             : exinfo->userread           = 00007FFE2DB55870
[LOG] SystemI::createSoundInternal             : exinfo->userseek           = 00007FFE2DB55920
[LOG] SystemI::createSoundInternal             : exinfo->fileuserdata       = 000000002F31B728
[LOG] SystemI::createSoundInternal             : exinfo->initialseekpostype = 1
[LOG] SystemI::DSPCodecPoolRegister            : register codec pool for pool type 5
[LOG] SystemI::createSoundInternal             : Format has 1 subsounds.
[LOG] SystemI::createSoundInternal             : Create as FMOD_CREATESAMPLE
[LOG] SystemI::createSoundInternal             : Multi-sample sound (1 subsounds), create a sample container.
[LOG] SystemI::createSoundInternal             : creating subsound 0/1
[LOG] SystemI::createSample                    : mode 02000202 length 42000 samples, lengthbytes 7520
[LOG] SystemI::createSample                    : channels = 1
[LOG] SystemI::createSample                    : output = 000000002EEFB1E8
[LOG] OutputSoftware::createSample             : lengthpcm 42000, lengthbytes 7520, channels 1, format 2, freq 48000, mode 0200020a
[LOG] SystemI::createSoundInternal             : No name found in file, use filename.
[LOG] SystemI::createSoundInternal             : done.  OpenState now = FMOD_OPENSTATE_READY.

[LOG] Manager::readBank                        : fileversion = 99, compatVersion = 99 (oldest = 44, newest = 99)
[LOG] SoundI::release                          :  (000000002F8CDD68)
[LOG] SoundI::release                          : release subsounds. (000000002F8CDD68)
[LOG] SoundI::release                          :     DodoStepSand1 (000000002F38E578)
[LOG] SoundI::release                          :     done
[LOG] SoundI::release                          : release codec. (000000002F8CDD68)
[LOG] SoundI::release                          : done
[LOG] SoundI::release                          :  (000000002F8CDA88)
[LOG] SoundI::release                          : release subsounds. (000000002F8CDA88)
[LOG] SoundI::release                          :     DodoStepSand2 (000000002F38EF38)
[LOG] SoundI::release                          :     done
[LOG] SoundI::release                          : release codec. (000000002F8CDA88)
[LOG] SoundI::release                          : done
[LOG] SoundI::release                          :  (0000000011C4D3B8)
[LOG] SoundI::release                          : release subsounds. (0000000011C4D3B8)
[LOG] SoundI::release                          :     FagottNot1 (000000002EE55D78)
[LOG] SoundI::release                          :     done
[LOG] SoundI::release                          : release codec. (0000000011C4D3B8)
[LOG] SoundI::release                          : done
[LOG] SoundI::release                          :  (0000000011C4D248)
[LOG] SoundI::release                          : release subsounds. (0000000011C4D248)
[LOG] SoundI::release                          :     FagottNot2 (000000002EE55A38)
[LOG] SoundI::release                          :     done
[LOG] SoundI::release                          : release codec. (0000000011C4D248)
[LOG] SoundI::release                          : done
[LOG] SoundI::release                          :  (0000000011C4D0D8)
[LOG] SoundI::release                          : release subsounds. (0000000011C4D0D8)
[LOG] SoundI::release                          :     CB PizzNot1 (000000002EE556F8)
[LOG] SoundI::release                          :     done
[LOG] SoundI::release                          : release codec. (0000000011C4D0D8)
[LOG] SoundI::release                          : done
[LOG] SoundI::release                          :  (0000000011C4C558)
[LOG] SoundI::release                          : release subsounds. (0000000011C4C558)
[LOG] SoundI::release                          :     GtNot1 (000000002EE55F18)
[LOG] SoundI::release                          :     done
[LOG] SoundI::release                          : release codec. (0000000011C4C558)
[LOG] SoundI::release                          : done
[LOG] SoundI::release                          :  (0000000011C4D528)
[LOG] SoundI::release                          : release subsounds. (0000000011C4D528)
[LOG] SoundI::release                          :     GtNot2 (000000002EE55078)
[LOG] SoundI::release                          :     done
[LOG] SoundI::release                          : release codec. (0000000011C4D528)
[LOG] SoundI::release                          : done
[LOG] SoundI::release                          :  (0000000011C4BE28)
[LOG] SoundI::release                          : release subsounds. (0000000011C4BE28)
[LOG] SoundI::release                          :     Gt2 (000000002EE56DB8)
[LOG] SoundI::release                          :     done
[LOG] SoundI::release                          : release codec. (0000000011C4BE28)
[LOG] SoundI::release                          : done
[LOG] SoundI::release                          :  (0000000011C4D698)
[LOG] SoundI::release                          : release subsounds. (0000000011C4D698)
[LOG] SoundI::release                          :     Gt3 (000000002EE568D8)
[LOG] SoundI::release                          :     done
[LOG] SoundI::release                          : release codec. (0000000011C4D698)
[LOG] SoundI::release                          : done
[LOG] SoundI::release                          :  (0000000011C4C838)
[LOG] SoundI::release                          : release subsounds. (0000000011C4C838)
[LOG] SoundI::release                          :     Gt4 (000000002EE55BD8)
[LOG] SoundI::release                          :     done
[LOG] SoundI::release                          : release codec. (0000000011C4C838)
[LOG] SoundI::release                          : done
[LOG] SoundI::release                          :  (0000000011C4C108)
[LOG] SoundI::release                          : release subsounds. (0000000011C4C108)
[LOG] SoundI::release                          :     Fagott1 (000000002EE553B8)
[LOG] SoundI::release                          :     done
[LOG] SoundI::release                          : release codec. (0000000011C4C108)
[LOG] SoundI::release                          : done
[LOG] SoundI::release                          : CB Pizz1 (000000001E348B08)
[LOG] SoundI::release                          : remove stream samples. (000000001E348B08)
[LOG] SoundI::release                          :     CB Pizz1 (000000002F38ED98)
[LOG] SoundI::release                          :     done
[LOG] SoundI::release                          : release subsounds. (000000001E348B08)
[LOG] SoundI::release                          :     CB Pizz1 (000000002F380698)
[LOG] SoundI::release                          :     done
[LOG] SoundI::release                          : release codec. (000000001E348B08)
[LOG] SoundI::release                          : done
[LOG] SoundI::release                          : Perq1 (000000001E348958)
[LOG] SoundI::release                          : remove stream samples. (000000001E348958)
[LOG] SoundI::release                          :     Perq1 (000000002F38DEF8)
[LOG] SoundI::release                          :     done
[LOG] SoundI::release                          : release subsounds. (000000001E348958)
[LOG] SoundI::release                          :     Perq1 (000000002F37FE28)
[LOG] SoundI::release                          :     done
[LOG] SoundI::release                          : release codec. (000000001E348958)
[LOG] SoundI::release                          : done
[LOG] SoundI::release                          :  (0000000011C4D808)
[LOG] SoundI::release                          : release subsounds. (0000000011C4D808)
[LOG] SoundI::release                          :     Fagott2 (000000002EE560B8)
[LOG] SoundI::release                          :     done
[LOG] SoundI::release                          : release codec. (0000000011C4D808)
[LOG] SoundI::release                          : done
[LOG] SoundI::release                          :  (0000000011C4B9D8)
[LOG] SoundI::release                          : release subsounds. (0000000011C4B9D8)
[LOG] SoundI::release                          :     Fagott4 (000000002EE56738)
[LOG] SoundI::release                          :     done
[LOG] SoundI::release                          : release codec. (0000000011C4B9D8)
[LOG] SoundI::release                          : done
[LOG] SoundI::release                          :  (0000000011C4C6C8)
[LOG] SoundI::release                          : release subsounds. (0000000011C4C6C8)
[LOG] SoundI::release                          :     Gt1 (000000002EE55898)
[LOG] SoundI::release                          :     done
[LOG] SoundI::release                          : release codec. (0000000011C4C6C8)
[LOG] SoundI::release                          : done
[LOG] SoundI::release                          :  (0000000011C4CF68)
[LOG] SoundI::release                          : release subsounds. (0000000011C4CF68)
[LOG] SoundI::release                          :     Fagott3 (000000002EE55218)
[LOG] SoundI::release                          :     done
[LOG] SoundI::release                          : release codec. (0000000011C4CF68)
[LOG] SoundI::release                          : done
[LOG] Thread::callback                         : FMOD Studio update thread finished.
[LOG] Thread::callback                         : FMOD Studio bank load thread finished.
[LOG] Profile::disconnectAll                   : Profiler disconnecting all clients
[LOG] Thread::callback                         : FMOD Studio sample load thread finished.
[LOG] LiveUpdate::release                      : 
[LOG] LiveUpdate::reset                        : Reset connection (reason Disconnected)
[LOG] SystemI::close                           : 
[LOG] SystemI::close                           : Stop all sounds
[LOG] Thread::callback                         : FMOD stream thread finished.
[LOG] SystemI::close                           : Stream thread destroyed
[LOG] Thread::callback                         : FMOD mixer thread finished.
[LOG] Profile::disconnectAll                   : Profiler disconnecting all clients
[LOG] SystemI::close                           : Free master channel group.
[LOG] SystemI::close                           : Remove 'master' sound group.
[LOG] SystemI::close                           : Free software output.
[LOG] SystemI::close                           : Free emulated output.
[LOG] SystemI::close                           : Free channel pool.
[LOG] SystemI::close                           : done.

[LOG] Manager::readBank                        : fileversion = 99, compatVersion = 99 (oldest = 44, newest = 99)
[LOG] Manager::readBank                        : fileversion = 99, compatVersion = 99 (oldest = 44, newest = 99)
[LOG] Manager::readBank                        : fileversion = 99, compatVersion = 99 (oldest = 44, newest = 99)
[LOG] Manager::readBank                        : fileversion = 99, compatVersion = 99 (oldest = 44, newest = 99)
[LOG] Manager::readBank                        : fileversion = 99, compatVersion = 99 (oldest = 44, newest = 99)
[LOG] Manager::readBank                        : fileversion = 99, compatVersion = 99 (oldest = 44, newest = 99)
[LOG] PlaybackSystem::acquireMasterBus         : Setting master channel group format to 6
[LOG] Thread::callback                         : FMOD Studio bank load thread finished.
[LOG] Thread::callback                         : FMOD Studio sample load thread finished.
[LOG] LiveUpdate::release                      : 
[LOG] LiveUpdate::reset                        : Reset connection (reason Disconnected)
[LOG] SystemI::close                           : 
[LOG] SystemI::close                           : Stop all sounds
[LOG] Thread::callback                         : FMOD stream thread finished.
[LOG] SystemI::close                           : Stream thread destroyed
[LOG] Thread::callback                         : FMOD mixer thread finished.
[LOG] SystemI::close                           : Free master channel group.
[LOG] SystemI::close                           : Remove 'master' sound group.
[LOG] SystemI::close                           : Free software output.
[LOG] SystemI::close                           : Free emulated output.
[LOG] SystemI::close                           : Free channel pool.
[LOG] Thread::callback                         : FMOD nonblocking thread (0) finished.
[LOG] Thread::callback                         : FMOD file thread finished.
[LOG] SystemI::close                           : done.

